
{"message":"Connected to MSSQL","level":"info"}
{"message":"Server listening on port 3000 !!!","level":"info"}
{"message":"Server listening on port 3000 !!!","level":"info"}
{"message":"Server listening on port 3000 !!!","level":"info"}
{"message":"Server listening on port 3000 !!!","level":"info"}
{"message":"Server listening on port 3000 !!!","level":"info"}
{"message":"Server listening on port 3000 !!!","level":"info"}
{"message":"Server listening on port 3000 !!!","level":"info"}
{"message":"Server listening on port 3000 !!!","level":"info"}
{"message":"Server listening on port 3000 !!!","level":"info"}
{"message":"Server listening on port 3000 !!!","level":"info"}
{"message":"Server listening on port 3000 !!!","level":"info"}
{"message":"Server listening on port 3000 !!!","level":"info"}
{"message":"Server listening on port 3000 !!!","level":"info"}
{"message":"Server listening on port 3000 !!!","level":"info"}
{"message":"Server listening on port 3000 !!!","level":"info"}
{"message":"Server listening on port 3000 !!!","level":"info"}
{"message":"Server listening on port 3000 !!!","level":"info"}
{"message":"Server listening on port 3000 !!!","level":"info"}
{"message":"Server listening on port 3000 !!!","level":"info"}
{"message":"Server listening on port 3000 !!!","level":"info"}
{"message":"Server listening on port 3000 !!!","level":"info"}
{"message":"Server listening on port 3000 !!!","level":"info"}
{"message":"Server listening on port 3000 !!!","level":"info"}
{"message":"Server listening on port 3000 !!!","level":"info"}
{"message":"Server listening on port 3000 !!!","level":"info"}
{"message":"Server listening on port 3000 !!!","level":"info"}
{"message":"Server listening on port 3000 !!!","level":"info"}
{"message":"Server listening on port 3000 !!!","level":"info"}
{"message":"Server listening on port 3000 !!!","level":"info"}
{"message":"Server listening on port 3000 !!!","level":"info"}
{"message":"Server listening on port 3000 !!!","level":"info"}
{"message":"Server listening on port 3000 !!!","level":"info"}
{"message":"Server listening on port 3000 !!!","level":"info"}
{"message":"Server listening on port 3000 !!!","level":"info"}
{"message":"Server listening on port 3000 !!!","level":"info"}
{"level":"error","message":"lineReader is not definedlineReader is not defined","stack":"ReferenceError: lineReader is not defined\n    at Object.getLog (C:\\Projects\\ex_team\\services\\logger.js:11:48)\n    at asyncError (C:\\Projects\\ex_team\\controller\\logger.js:9:32)\n    at process._tickCallback (internal/process/next_tick.js:68:7)"}
{"message":"Server listening on port 3000 !!!","level":"info"}
{"message":"Server listening on port 3000 !!!","level":"info"}
{"message":"Server listening on port 3000 !!!","level":"info"}
{"message":"Server listening on port 3000 !!!","level":"info"}
{"message":"Server listening on port 3000 !!!","level":"info"}
{"message":"Server listening on port 3000 !!!","level":"info"}
{"message":"Server listening on port 3000 !!!","level":"info"}
{"message":"Server listening on port 3000 !!!","level":"info"}
{"message":"Connected to MSSQL","level":"info"}
{"message":"Connected to MSSQL","level":"info"}
{"message":"Connected to MSSQL","level":"info"}
{"name":"authError","date":"2019-08-23T10:55:45.220Z","status":400,"description":"","level":"error","message":"Invalid UserName or passwordInvalid UserName or password","stack":"authError: Invalid UserName or password\n    at Object.login (C:\\Projects\\ex_team\\services\\modules\\auth\\errorHandler.js:10:23)\n    at process._tickCallback (internal/process/next_tick.js:68:7)"}
{"message":"Connected to MSSQL","level":"info"}
{"message":"Connected to MSSQL","level":"info"}
{"message":"Connected to MSSQL","level":"info"}
{"message":"Connected to MSSQL","level":"info"}
{"message":"Connected to MSSQL","level":"info"}
{"message":"Connected to MSSQL","level":"info"}
{"message":"Connected to MSSQL","level":"info"}
{"message":"Connected to MSSQL","level":"info"}
{"message":"Connected to MSSQL","level":"info"}
{"message":"Connected to MSSQL","level":"info"}
{"message":"Connected to MSSQL","level":"info"}
{"message":"Server listening on port 3000 !!!","level":"info"}
{"message":"Connected to MSSQL","level":"info"}
{"message":"Connected to MSSQL","level":"info"}
{"message":"Server listening on port 3000 !!!","level":"info"}
{"message":"Connected to MSSQL","level":"info"}
{"name":"authError","date":"2019-08-25T01:11:01.492Z","status":400,"description":"","level":"error","message":"Invalid UserName or passwordInvalid UserName or password","stack":"authError: Invalid UserName or password\n    at Object.login (C:\\Projects\\ex_team\\services\\modules\\auth\\errorHandler.js:10:23)\n    at process._tickCallback (internal/process/next_tick.js:68:7)"}
{"message":"Connected to MSSQL","level":"info"}
{"message":"Connected to MSSQL","level":"info"}
{"message":"Connected to MSSQL","level":"info"}
{"name":"authError","date":"2019-08-25T01:11:18.121Z","status":400,"description":"","level":"error","message":"Invalid UserName or passwordInvalid UserName or password","stack":"authError: Invalid UserName or password\n    at Object.login (C:\\Projects\\ex_team\\services\\modules\\auth\\errorHandler.js:10:23)\n    at process._tickCallback (internal/process/next_tick.js:68:7)"}
{"message":"Connected to MSSQL","level":"info"}
{"name":"authError","date":"2019-08-25T01:11:38.034Z","status":400,"description":"","level":"error","message":"Invalid UserName or passwordInvalid UserName or password","stack":"authError: Invalid UserName or password\n    at Object.login (C:\\Projects\\ex_team\\services\\modules\\auth\\errorHandler.js:10:23)\n    at process._tickCallback (internal/process/next_tick.js:68:7)"}
{"message":"Connected to MSSQL","level":"info"}
{"name":"authError","date":"2019-08-25T01:12:21.102Z","status":400,"description":"","level":"error","message":"Invalid UserName or passwordInvalid UserName or password","stack":"authError: Invalid UserName or password\n    at Object.login (C:\\Projects\\ex_team\\services\\modules\\auth\\errorHandler.js:10:23)"}
{"message":"Connected to MSSQL","level":"info"}
{"name":"authError","date":"2019-08-25T01:12:23.620Z","status":400,"description":"","level":"error","message":"Invalid UserName or passwordInvalid UserName or password","stack":"authError: Invalid UserName or password\n    at Object.login (C:\\Projects\\ex_team\\services\\modules\\auth\\errorHandler.js:10:23)\n    at process._tickCallback (internal/process/next_tick.js:68:7)"}
{"message":"Connected to MSSQL","level":"info"}
{"name":"authError","date":"2019-08-25T01:12:28.352Z","status":400,"description":"","level":"error","message":"Invalid UserName or passwordInvalid UserName or password","stack":"authError: Invalid UserName or password\n    at Object.login (C:\\Projects\\ex_team\\services\\modules\\auth\\errorHandler.js:10:23)\n    at process._tickCallback (internal/process/next_tick.js:68:7)"}
{"message":"Connected to MSSQL","level":"info"}
{"name":"authError","date":"2019-08-25T01:12:48.986Z","status":400,"description":"","level":"error","message":"Invalid UserName or passwordInvalid UserName or password","stack":"authError: Invalid UserName or password\n    at Object.login (C:\\Projects\\ex_team\\services\\modules\\auth\\errorHandler.js:10:23)\n    at process._tickCallback (internal/process/next_tick.js:68:7)"}
{"message":"Connected to MSSQL","level":"info"}
{"name":"authError","date":"2019-08-25T01:13:03.400Z","status":400,"description":"","level":"error","message":"Invalid UserName or passwordInvalid UserName or password","stack":"authError: Invalid UserName or password\n    at Object.login (C:\\Projects\\ex_team\\services\\modules\\auth\\errorHandler.js:10:23)\n    at process._tickCallback (internal/process/next_tick.js:68:7)"}
{"message":"Connected to MSSQL","level":"info"}
{"name":"authError","date":"2019-08-25T01:13:23.599Z","status":400,"description":"","level":"error","message":"Invalid UserName or passwordInvalid UserName or password","stack":"authError: Invalid UserName or password\n    at Object.login (C:\\Projects\\ex_team\\services\\modules\\auth\\errorHandler.js:10:23)\n    at process._tickCallback (internal/process/next_tick.js:68:7)"}
{"message":"Connected to MSSQL","level":"info"}
{"name":"authError","date":"2019-08-25T01:13:35.950Z","status":400,"description":"","level":"error","message":"Invalid UserName or passwordInvalid UserName or password","stack":"authError: Invalid UserName or password\n    at Object.login (C:\\Projects\\ex_team\\services\\modules\\auth\\errorHandler.js:10:23)\n    at process._tickCallback (internal/process/next_tick.js:68:7)"}
{"message":"Server listening on port 3000 !!!","level":"info"}
{"message":"Connected to MSSQL","level":"info"}
{"name":"authError","date":"2019-08-25T01:14:04.959Z","status":401,"description":"","level":"error","message":"Invalid UserName or passwordInvalid UserName or password","stack":"authError: Invalid UserName or password\n    at Object.login (C:\\Projects\\ex_team\\services\\modules\\auth\\errorHandler.js:10:23)\n    at process._tickCallback (internal/process/next_tick.js:68:7)"}
{"message":"Server listening on port 3000 !!!","level":"info"}
{"message":"Connected to MSSQL","level":"info"}
{"name":"authError","date":"2019-08-25T01:14:31.879Z","status":400,"description":"","level":"error","message":"Invalid UserName or passwordInvalid UserName or password","stack":"authError: Invalid UserName or password\n    at Object.login (C:\\Projects\\ex_team\\services\\modules\\auth\\errorHandler.js:10:23)\n    at process._tickCallback (internal/process/next_tick.js:68:7)"}
{"message":"Server listening on port 3000 !!!","level":"info"}
{"message":"Connected to MSSQL","level":"info"}
{"message":"Connected to MSSQL","level":"info"}
{"message":"Connected to MSSQL","level":"info"}
{"message":"Connected to MSSQL","level":"info"}
{"message":"Connected to MSSQL","level":"info"}
{"message":"Connected to MSSQL","level":"info"}
{"message":"Connected to MSSQL","level":"info"}
{"name":"authError","date":"2019-08-25T04:28:30.166Z","status":400,"description":"","level":"error","message":"Invalid UserName or passwordInvalid UserName or password","stack":"authError: Invalid UserName or password\n    at Object.login (C:\\Projects\\ex_team\\services\\modules\\auth\\errorHandler.js:10:23)"}
{"message":"Server listening on port 3000 !!!","level":"info"}
{"message":"Connected to MSSQL","level":"info"}
{"name":"authError","date":"2019-08-25T04:28:49.731Z","status":400,"description":"","level":"error","message":"Invalid user name or passwordInvalid user name or password","stack":"authError: Invalid user name or password\n    at Object.login (C:\\Projects\\ex_team\\services\\modules\\auth\\errorHandler.js:10:23)"}
{"message":"Connected to MSSQL","level":"info"}
{"name":"authError","date":"2019-08-25T04:30:27.302Z","status":400,"description":"","level":"error","message":"Invalid user name or passwordInvalid user name or password","stack":"authError: Invalid user name or password\n    at Object.login (C:\\Projects\\ex_team\\services\\modules\\auth\\errorHandler.js:10:23)\n    at process._tickCallback (internal/process/next_tick.js:68:7)"}
{"message":"Connected to MSSQL","level":"info"}
{"message":"Connected to MSSQL","level":"info"}
{"message":"Connected to MSSQL","level":"info"}
{"message":"Connected to MSSQL","level":"info"}
{"message":"Connected to MSSQL","level":"info"}
{"message":"Connected to MSSQL","level":"info"}
{"message":"Connected to MSSQL","level":"info"}
{"message":"Connected to MSSQL","level":"info"}
{"message":"Connected to MSSQL","level":"info"}
{"message":"Connected to MSSQL","level":"info"}
{"message":"Connected to MSSQL","level":"info"}
{"name":"authError","date":"2019-08-28T02:36:21.400Z","status":400,"description":"","level":"error","message":"Invalid user name or passwordInvalid user name or password","stack":"authError: Invalid user name or password\n    at Object.login (C:\\Projects\\ex_team\\services\\modules\\auth\\errorHandler.js:10:23)"}
{"message":"Connected to MSSQL","level":"info"}
{"message":"Connected to MSSQL","level":"info"}
{"message":"Connected to MSSQL","level":"info"}
{"message":"Connected to MSSQL","level":"info"}
{"message":"Connected to MSSQL","level":"info"}
{"name":"authError","date":"2019-08-28T02:37:21.721Z","status":400,"description":"","level":"error","message":"Invalid user name or passwordInvalid user name or password","stack":"authError: Invalid user name or password\n    at Object.login (C:\\Projects\\ex_team\\services\\modules\\auth\\errorHandler.js:10:23)\n    at process._tickCallback (internal/process/next_tick.js:68:7)"}
{"message":"Server listening on port 3000 !!!","level":"info"}
{"message":"Connected to MSSQL","level":"info"}
{"message":"Connected to MSSQL","level":"info"}
{"message":"Server listening on port 3000 !!!","level":"info"}
{"message":"Server listening on port 3000 !!!","level":"info"}
{"message":"Server listening on port 3000 !!!","level":"info"}
{"message":"Connected to MSSQL","level":"info"}
{"message":"Server listening on port 3000 !!!","level":"info"}
{"message":"Server listening on port 3000 !!!","level":"info"}
{"message":"Connected to MSSQL","level":"info"}
{"message":"Server listening on port 3000 !!!","level":"info"}
{"message":"Connected to MSSQL","level":"info"}
{"message":"Server listening on port 3000 !!!","level":"info"}
{"message":"Server listening on port 3000 !!!","level":"info"}
